2018-06-12 16:55:28,184 - Log4JLogChute initialized using file 'velocity.log'
2018-06-12 16:55:28,185 - Initializing Velocity, Calling init()...
2018-06-12 16:55:28,185 - Starting Apache Velocity v1.7 (compiled: 2010-11-19 12:14:37)
2018-06-12 16:55:28,185 - Default Properties File: org\apache\velocity\runtime\defaults\velocity.properties
2018-06-12 16:55:28,185 - Trying to use logger class org.apache.velocity.runtime.log.AvalonLogChute
2018-06-12 16:55:28,185 - Target log system for org.apache.velocity.runtime.log.AvalonLogChute is not available (java.lang.NoClassDefFoundError: org/apache/log/format/Formatter).  Falling back to next log system...
2018-06-12 16:55:28,185 - Trying to use logger class org.apache.velocity.runtime.log.Log4JLogChute
2018-06-12 16:55:28,185 - Using logger class org.apache.velocity.runtime.log.Log4JLogChute
2018-06-12 16:55:28,197 - ResourceLoader instantiated: org.apache.velocity.runtime.resource.loader.ClasspathResourceLoader
2018-06-12 16:55:28,225 - ResourceCache: initialized (class org.apache.velocity.runtime.resource.ResourceCacheImpl) with class java.util.Collections$SynchronizedMap cache map.
2018-06-12 16:55:28,229 - Loaded System Directive: org.apache.velocity.runtime.directive.Stop
2018-06-12 16:55:28,232 - Loaded System Directive: org.apache.velocity.runtime.directive.Define
2018-06-12 16:55:28,237 - Loaded System Directive: org.apache.velocity.runtime.directive.Break
2018-06-12 16:55:28,240 - Loaded System Directive: org.apache.velocity.runtime.directive.Evaluate
2018-06-12 16:55:28,241 - Loaded System Directive: org.apache.velocity.runtime.directive.Literal
2018-06-12 16:55:28,244 - Loaded System Directive: org.apache.velocity.runtime.directive.Macro
2018-06-12 16:55:28,248 - Loaded System Directive: org.apache.velocity.runtime.directive.Parse
2018-06-12 16:55:28,252 - Loaded System Directive: org.apache.velocity.runtime.directive.Include
2018-06-12 16:55:28,255 - Loaded System Directive: org.apache.velocity.runtime.directive.Foreach
2018-06-12 16:55:28,344 - Created '20' parsers.
2018-06-12 16:55:28,368 - Velocimacro : "velocimacro.library" is not set.  Trying default library: VM_global_library.vm
2018-06-12 16:55:28,368 - Could not load resource 'VM_global_library.vm' from ResourceLoader org.apache.velocity.runtime.resource.loader.ClasspathResourceLoader: ClasspathResourceLoader Error: cannot find resource VM_global_library.vm
2018-06-12 16:55:28,369 - Velocimacro : Default library not found.
2018-06-12 16:55:28,369 - Velocimacro : allowInline = true : VMs can be defined inline in templates
2018-06-12 16:55:28,369 - Velocimacro : allowInlineToOverride = false : VMs defined inline may NOT replace previous VM definitions
2018-06-12 16:55:28,369 - Velocimacro : allowInlineLocal = false : VMs defined inline will be global in scope if allowed.
2018-06-12 16:55:28,369 - Velocimacro : autoload off : VM system will not automatically reload global library macros
2018-06-12 16:55:28,447 - ResourceManager : found /templates/entity.java.vm with loader org.apache.velocity.runtime.resource.loader.ClasspathResourceLoader
2018-06-12 16:55:28,618 - Left side (${versionFieldName}) of '==' operation has null value. If it is a reference, it may not be in the context or its toString() returned null. /templates/entity.java.vm[line 72, column 26]
2018-06-12 16:55:28,619 - Left side (${logicDeleteFieldName}) of '==' operation has null value. If it is a reference, it may not be in the context or its toString() returned null. /templates/entity.java.vm[line 76, column 30]
2018-06-12 16:55:28,622 - Left side (${versionFieldName}) of '==' operation has null value. If it is a reference, it may not be in the context or its toString() returned null. /templates/entity.java.vm[line 72, column 26]
2018-06-12 16:55:28,622 - Left side (${logicDeleteFieldName}) of '==' operation has null value. If it is a reference, it may not be in the context or its toString() returned null. /templates/entity.java.vm[line 76, column 30]
2018-06-12 16:55:28,622 - Left side (${versionFieldName}) of '==' operation has null value. If it is a reference, it may not be in the context or its toString() returned null. /templates/entity.java.vm[line 72, column 26]
2018-06-12 16:55:28,622 - Left side (${logicDeleteFieldName}) of '==' operation has null value. If it is a reference, it may not be in the context or its toString() returned null. /templates/entity.java.vm[line 76, column 30]
2018-06-12 16:55:28,623 - Left side (${versionFieldName}) of '==' operation has null value. If it is a reference, it may not be in the context or its toString() returned null. /templates/entity.java.vm[line 72, column 26]
2018-06-12 16:55:28,623 - Left side (${logicDeleteFieldName}) of '==' operation has null value. If it is a reference, it may not be in the context or its toString() returned null. /templates/entity.java.vm[line 76, column 30]
2018-06-12 16:55:28,623 - Left side (${versionFieldName}) of '==' operation has null value. If it is a reference, it may not be in the context or its toString() returned null. /templates/entity.java.vm[line 72, column 26]
2018-06-12 16:55:28,623 - Left side (${logicDeleteFieldName}) of '==' operation has null value. If it is a reference, it may not be in the context or its toString() returned null. /templates/entity.java.vm[line 76, column 30]
2018-06-12 16:55:28,623 - Left side (${versionFieldName}) of '==' operation has null value. If it is a reference, it may not be in the context or its toString() returned null. /templates/entity.java.vm[line 72, column 26]
2018-06-12 16:55:28,623 - Left side (${logicDeleteFieldName}) of '==' operation has null value. If it is a reference, it may not be in the context or its toString() returned null. /templates/entity.java.vm[line 76, column 30]
2018-06-12 16:55:28,623 - Left side (${versionFieldName}) of '==' operation has null value. If it is a reference, it may not be in the context or its toString() returned null. /templates/entity.java.vm[line 72, column 26]
2018-06-12 16:55:28,623 - Left side (${logicDeleteFieldName}) of '==' operation has null value. If it is a reference, it may not be in the context or its toString() returned null. /templates/entity.java.vm[line 76, column 30]
2018-06-12 16:55:28,624 - Left side (${versionFieldName}) of '==' operation has null value. If it is a reference, it may not be in the context or its toString() returned null. /templates/entity.java.vm[line 72, column 26]
2018-06-12 16:55:28,624 - Left side (${logicDeleteFieldName}) of '==' operation has null value. If it is a reference, it may not be in the context or its toString() returned null. /templates/entity.java.vm[line 76, column 30]
2018-06-12 16:55:28,624 - Left side (${versionFieldName}) of '==' operation has null value. If it is a reference, it may not be in the context or its toString() returned null. /templates/entity.java.vm[line 72, column 26]
2018-06-12 16:55:28,624 - Left side (${logicDeleteFieldName}) of '==' operation has null value. If it is a reference, it may not be in the context or its toString() returned null. /templates/entity.java.vm[line 76, column 30]
2018-06-12 16:55:28,624 - Left side (${versionFieldName}) of '==' operation has null value. If it is a reference, it may not be in the context or its toString() returned null. /templates/entity.java.vm[line 72, column 26]
2018-06-12 16:55:28,624 - Left side (${logicDeleteFieldName}) of '==' operation has null value. If it is a reference, it may not be in the context or its toString() returned null. /templates/entity.java.vm[line 76, column 30]
2018-06-12 16:55:28,624 - Left side (${versionFieldName}) of '==' operation has null value. If it is a reference, it may not be in the context or its toString() returned null. /templates/entity.java.vm[line 72, column 26]
2018-06-12 16:55:28,624 - Left side (${logicDeleteFieldName}) of '==' operation has null value. If it is a reference, it may not be in the context or its toString() returned null. /templates/entity.java.vm[line 76, column 30]
2018-06-12 16:55:28,648 - ResourceManager : found /templates/mapper.java.vm with loader org.apache.velocity.runtime.resource.loader.ClasspathResourceLoader
2018-06-12 16:55:28,663 - ResourceManager : found /templates/mapper.xml.vm with loader org.apache.velocity.runtime.resource.loader.ClasspathResourceLoader
2018-06-12 16:55:28,669 - ResourceManager : found /templates/service.java.vm with loader org.apache.velocity.runtime.resource.loader.ClasspathResourceLoader
2018-06-12 16:55:28,679 - ResourceManager : found /templates/serviceImpl.java.vm with loader org.apache.velocity.runtime.resource.loader.ClasspathResourceLoader
2018-06-12 16:55:28,691 - ResourceManager : found /templates/controller.java.vm with loader org.apache.velocity.runtime.resource.loader.ClasspathResourceLoader
